<?xml version="1.0" encoding="UTF-8"?>
<testng-results skipped="0" failed="0" ignored="0" total="1" passed="1">
  <reporter-output>
  </reporter-output>
  <suite name="Default suite" duration-ms="3041" started-at="2021-07-22T19:23:11Z" finished-at="2021-07-22T19:23:14Z">
    <groups>
    </groups>
    <test name="Default test" duration-ms="3041" started-at="2021-07-22T19:23:11Z" finished-at="2021-07-22T19:23:14Z">
      <class name="test.exercise2.RadioBtnSelection">
        <test-method status="PASS" signature="radioSelection()[pri:0, instance:test.exercise2.RadioBtnSelection@724af044]" name="radioSelection" duration-ms="3024" started-at="2021-07-22T19:23:11Z" finished-at="2021-07-22T19:23:14Z">
          <reporter-output>
          </reporter-output>
        </test-method> <!-- radioSelection -->
      </class> <!-- test.exercise2.RadioBtnSelection -->
    </test> <!-- Default test -->
  </suite> <!-- Default suite -->
</testng-results>
